[debug] [2025-04-07T14:45:25.411Z] ----------------------------------------------------------------------
[debug] [2025-04-07T14:45:25.412Z] Command:       /Users/dorianrudolph/.nvm/versions/node/v22.13.1/bin/node /Users/dorianrudolph/.nvm/versions/node/v22.13.1/bin/firebase deploy
[debug] [2025-04-07T14:45:25.412Z] CLI Version:   14.0.1
[debug] [2025-04-07T14:45:25.412Z] Platform:      darwin
[debug] [2025-04-07T14:45:25.412Z] Node Version:  v22.13.1
[debug] [2025-04-07T14:45:25.412Z] Time:          Mon Apr 07 2025 16:45:25 GMT+0200 (Mitteleuropäische Sommerzeit)
[debug] [2025-04-07T14:45:25.412Z] ----------------------------------------------------------------------
[debug] 
[debug] [2025-04-07T14:45:25.470Z] Object "" in "firebase.json" has unknown property: {"additionalProperty":"flutter"}
[debug] [2025-04-07T14:45:25.473Z] > command requires scopes: ["email","openid","https://www.googleapis.com/auth/cloudplatformprojects.readonly","https://www.googleapis.com/auth/firebase","https://www.googleapis.com/auth/cloud-platform"]
[debug] [2025-04-07T14:45:25.473Z] > authorizing via signed-in user (dorianrudolph2004@gmail.com)
[debug] [2025-04-07T14:45:25.473Z] [iam] checking project mathquiz-51f92 for permissions ["cloudfunctions.functions.create","cloudfunctions.functions.delete","cloudfunctions.functions.get","cloudfunctions.functions.list","cloudfunctions.functions.update","cloudfunctions.operations.get","firebase.projects.get","firebasehosting.sites.update"]
[debug] [2025-04-07T14:45:25.473Z] Checked if tokens are valid: true, expires at: 1744038662145
[debug] [2025-04-07T14:45:25.473Z] Checked if tokens are valid: true, expires at: 1744038662145
[debug] [2025-04-07T14:45:25.473Z] >>> [apiv2][query] POST https://cloudresourcemanager.googleapis.com/v1/projects/mathquiz-51f92:testIamPermissions [none]
[debug] [2025-04-07T14:45:25.473Z] >>> [apiv2][(partial)header] POST https://cloudresourcemanager.googleapis.com/v1/projects/mathquiz-51f92:testIamPermissions x-goog-quota-user=projects/mathquiz-51f92
[debug] [2025-04-07T14:45:25.473Z] >>> [apiv2][body] POST https://cloudresourcemanager.googleapis.com/v1/projects/mathquiz-51f92:testIamPermissions {"permissions":["cloudfunctions.functions.create","cloudfunctions.functions.delete","cloudfunctions.functions.get","cloudfunctions.functions.list","cloudfunctions.functions.update","cloudfunctions.operations.get","firebase.projects.get","firebasehosting.sites.update"]}
[debug] [2025-04-07T14:45:26.301Z] <<< [apiv2][status] POST https://cloudresourcemanager.googleapis.com/v1/projects/mathquiz-51f92:testIamPermissions 200
[debug] [2025-04-07T14:45:26.301Z] <<< [apiv2][body] POST https://cloudresourcemanager.googleapis.com/v1/projects/mathquiz-51f92:testIamPermissions {"permissions":["cloudfunctions.functions.create","cloudfunctions.functions.delete","cloudfunctions.functions.get","cloudfunctions.functions.list","cloudfunctions.functions.update","cloudfunctions.operations.get","firebase.projects.get","firebasehosting.sites.update"]}
[debug] [2025-04-07T14:45:26.301Z] Checked if tokens are valid: true, expires at: 1744038662145
[debug] [2025-04-07T14:45:26.301Z] Checked if tokens are valid: true, expires at: 1744038662145
[debug] [2025-04-07T14:45:26.301Z] >>> [apiv2][query] POST https://iam.googleapis.com/v1/projects/mathquiz-51f92/serviceAccounts/mathquiz-51f92@appspot.gserviceaccount.com:testIamPermissions [none]
[debug] [2025-04-07T14:45:26.301Z] >>> [apiv2][body] POST https://iam.googleapis.com/v1/projects/mathquiz-51f92/serviceAccounts/mathquiz-51f92@appspot.gserviceaccount.com:testIamPermissions {"permissions":["iam.serviceAccounts.actAs"]}
[debug] [2025-04-07T14:45:27.121Z] <<< [apiv2][status] POST https://iam.googleapis.com/v1/projects/mathquiz-51f92/serviceAccounts/mathquiz-51f92@appspot.gserviceaccount.com:testIamPermissions 200
[debug] [2025-04-07T14:45:27.122Z] <<< [apiv2][body] POST https://iam.googleapis.com/v1/projects/mathquiz-51f92/serviceAccounts/mathquiz-51f92@appspot.gserviceaccount.com:testIamPermissions {"permissions":["iam.serviceAccounts.actAs"]}
[debug] [2025-04-07T14:45:27.123Z] Checked if tokens are valid: true, expires at: 1744038662145
[debug] [2025-04-07T14:45:27.123Z] Checked if tokens are valid: true, expires at: 1744038662145
[debug] [2025-04-07T14:45:27.123Z] >>> [apiv2][query] GET https://firebase.googleapis.com/v1beta1/projects/mathquiz-51f92 [none]
[debug] [2025-04-07T14:45:27.703Z] <<< [apiv2][status] GET https://firebase.googleapis.com/v1beta1/projects/mathquiz-51f92 200
[debug] [2025-04-07T14:45:27.704Z] <<< [apiv2][body] GET https://firebase.googleapis.com/v1beta1/projects/mathquiz-51f92 {"projectId":"mathquiz-51f92","projectNumber":"427680799387","displayName":"mathquiz","name":"projects/mathquiz-51f92","resources":{"hostingSite":"mathquiz-51f92"},"state":"ACTIVE","etag":"1_953c2005-43b2-4812-8cb1-a838643a0e74"}
[info] 
[info] === Deploying to 'mathquiz-51f92'...
[info] 
[info] i  deploying functions, hosting 
[info] Running command: npm --prefix "$RESOURCE_DIR" run lint
[info] ✔  functions: Finished running predeploy script. 
[info] Running command: npm --prefix "$RESOURCE_DIR" run lint
[info] ✔  functions: Finished running predeploy script. 
[debug] [2025-04-07T14:45:28.452Z] Checked if tokens are valid: true, expires at: 1744038662145
[debug] [2025-04-07T14:45:28.452Z] Checked if tokens are valid: true, expires at: 1744038662145
[debug] [2025-04-07T14:45:28.452Z] >>> [apiv2][query] GET https://cloudresourcemanager.googleapis.com/v1/projects/mathquiz-51f92 [none]
[debug] [2025-04-07T14:45:28.649Z] <<< [apiv2][status] GET https://cloudresourcemanager.googleapis.com/v1/projects/mathquiz-51f92 200
[debug] [2025-04-07T14:45:28.649Z] <<< [apiv2][body] GET https://cloudresourcemanager.googleapis.com/v1/projects/mathquiz-51f92 {"projectNumber":"427680799387","projectId":"mathquiz-51f92","lifecycleState":"ACTIVE","name":"mathquiz","labels":{"firebase":"enabled","firebase-core":"disabled"},"createTime":"2025-01-07T07:47:01.390807Z"}
[info] i  functions: preparing codebase default for deployment 
[info] i  functions: preparing codebase mathquiz for deployment 
[info] i  functions: ensuring required API cloudfunctions.googleapis.com is enabled... 
[debug] [2025-04-07T14:45:28.651Z] Checked if tokens are valid: true, expires at: 1744038662145
[debug] [2025-04-07T14:45:28.651Z] Checked if tokens are valid: true, expires at: 1744038662145
[debug] [2025-04-07T14:45:28.651Z] Checked if tokens are valid: true, expires at: 1744038662145
[debug] [2025-04-07T14:45:28.651Z] Checked if tokens are valid: true, expires at: 1744038662145
[info] i  functions: ensuring required API cloudbuild.googleapis.com is enabled... 
[debug] [2025-04-07T14:45:28.651Z] Checked if tokens are valid: true, expires at: 1744038662145
[debug] [2025-04-07T14:45:28.651Z] Checked if tokens are valid: true, expires at: 1744038662145
[info] i  artifactregistry: ensuring required API artifactregistry.googleapis.com is enabled... 
[debug] [2025-04-07T14:45:28.652Z] Checked if tokens are valid: true, expires at: 1744038662145
[debug] [2025-04-07T14:45:28.652Z] Checked if tokens are valid: true, expires at: 1744038662145
[debug] [2025-04-07T14:45:28.652Z] >>> [apiv2][query] GET https://serviceusage.googleapis.com/v1/projects/mathquiz-51f92/services/cloudfunctions.googleapis.com [none]
[debug] [2025-04-07T14:45:28.652Z] >>> [apiv2][(partial)header] GET https://serviceusage.googleapis.com/v1/projects/mathquiz-51f92/services/cloudfunctions.googleapis.com x-goog-quota-user=projects/mathquiz-51f92
[debug] [2025-04-07T14:45:28.653Z] >>> [apiv2][query] GET https://serviceusage.googleapis.com/v1/projects/mathquiz-51f92/services/runtimeconfig.googleapis.com [none]
[debug] [2025-04-07T14:45:28.653Z] >>> [apiv2][(partial)header] GET https://serviceusage.googleapis.com/v1/projects/mathquiz-51f92/services/runtimeconfig.googleapis.com x-goog-quota-user=projects/mathquiz-51f92
[debug] [2025-04-07T14:45:28.655Z] >>> [apiv2][query] GET https://serviceusage.googleapis.com/v1/projects/mathquiz-51f92/services/cloudbuild.googleapis.com [none]
[debug] [2025-04-07T14:45:28.655Z] >>> [apiv2][(partial)header] GET https://serviceusage.googleapis.com/v1/projects/mathquiz-51f92/services/cloudbuild.googleapis.com x-goog-quota-user=projects/mathquiz-51f92
[debug] [2025-04-07T14:45:28.656Z] >>> [apiv2][query] GET https://serviceusage.googleapis.com/v1/projects/mathquiz-51f92/services/artifactregistry.googleapis.com [none]
[debug] [2025-04-07T14:45:28.656Z] >>> [apiv2][(partial)header] GET https://serviceusage.googleapis.com/v1/projects/mathquiz-51f92/services/artifactregistry.googleapis.com x-goog-quota-user=projects/mathquiz-51f92
[debug] [2025-04-07T14:45:29.645Z] <<< [apiv2][status] GET https://serviceusage.googleapis.com/v1/projects/mathquiz-51f92/services/runtimeconfig.googleapis.com 200
[debug] [2025-04-07T14:45:29.645Z] <<< [apiv2][body] GET https://serviceusage.googleapis.com/v1/projects/mathquiz-51f92/services/runtimeconfig.googleapis.com [omitted]
[debug] [2025-04-07T14:45:29.646Z] <<< [apiv2][status] GET https://serviceusage.googleapis.com/v1/projects/mathquiz-51f92/services/cloudbuild.googleapis.com 200
[debug] [2025-04-07T14:45:29.646Z] <<< [apiv2][body] GET https://serviceusage.googleapis.com/v1/projects/mathquiz-51f92/services/cloudbuild.googleapis.com [omitted]
[info] ✔  functions: required API cloudbuild.googleapis.com is enabled 
[debug] [2025-04-07T14:45:29.651Z] <<< [apiv2][status] GET https://serviceusage.googleapis.com/v1/projects/mathquiz-51f92/services/artifactregistry.googleapis.com 200
[debug] [2025-04-07T14:45:29.651Z] <<< [apiv2][body] GET https://serviceusage.googleapis.com/v1/projects/mathquiz-51f92/services/artifactregistry.googleapis.com [omitted]
[info] ✔  artifactregistry: required API artifactregistry.googleapis.com is enabled 
[debug] [2025-04-07T14:45:29.686Z] <<< [apiv2][status] GET https://serviceusage.googleapis.com/v1/projects/mathquiz-51f92/services/cloudfunctions.googleapis.com 200
[debug] [2025-04-07T14:45:29.687Z] <<< [apiv2][body] GET https://serviceusage.googleapis.com/v1/projects/mathquiz-51f92/services/cloudfunctions.googleapis.com [omitted]
[info] ✔  functions: required API cloudfunctions.googleapis.com is enabled 
[debug] [2025-04-07T14:45:29.687Z] Checked if tokens are valid: true, expires at: 1744038662145
[debug] [2025-04-07T14:45:29.687Z] Checked if tokens are valid: true, expires at: 1744038662145
[debug] [2025-04-07T14:45:29.687Z] >>> [apiv2][query] GET https://firebase.googleapis.com/v1beta1/projects/mathquiz-51f92/adminSdkConfig [none]
[debug] [2025-04-07T14:45:30.264Z] <<< [apiv2][status] GET https://firebase.googleapis.com/v1beta1/projects/mathquiz-51f92/adminSdkConfig 200
[debug] [2025-04-07T14:45:30.265Z] <<< [apiv2][body] GET https://firebase.googleapis.com/v1beta1/projects/mathquiz-51f92/adminSdkConfig {"projectId":"mathquiz-51f92","storageBucket":"mathquiz-51f92.firebasestorage.app"}
[debug] [2025-04-07T14:45:30.267Z] Checked if tokens are valid: true, expires at: 1744038662145
[debug] [2025-04-07T14:45:30.267Z] Checked if tokens are valid: true, expires at: 1744038662145
[debug] [2025-04-07T14:45:30.267Z] >>> [apiv2][query] GET https://runtimeconfig.googleapis.com/v1beta1/projects/mathquiz-51f92/configs [none]
[debug] [2025-04-07T14:45:30.608Z] <<< [apiv2][status] GET https://runtimeconfig.googleapis.com/v1beta1/projects/mathquiz-51f92/configs 200
[debug] [2025-04-07T14:45:30.608Z] <<< [apiv2][body] GET https://runtimeconfig.googleapis.com/v1beta1/projects/mathquiz-51f92/configs {}
[debug] [2025-04-07T14:45:30.611Z] Validating nodejs source
[warn] ⚠  functions: package.json indicates an outdated version of firebase-functions. Please upgrade using npm install --save firebase-functions@latest in your functions directory. 
[debug] [2025-04-07T14:45:30.960Z] > [functions] package.json contents: {
  "name": "functions",
  "description": "Cloud Functions for Firebase",
  "scripts": {
    "lint": "eslint .",
    "serve": "firebase emulators:start --only functions",
    "shell": "firebase functions:shell",
    "start": "npm run shell",
    "deploy": "firebase deploy --only functions",
    "logs": "firebase functions:log"
  },
  "engines": {
    "node": "22"
  },
  "main": "index.js",
  "dependencies": {
    "firebase-admin": "^13.1.0",
    "firebase-functions": "^6.3.1"
  },
  "devDependencies": {
    "eslint": "^8.57.1",
    "eslint-config-google": "^0.14.0",
    "firebase-functions-test": "^3.1.0"
  },
  "private": true
}
[debug] [2025-04-07T14:45:30.960Z] Building nodejs source
[info] i  functions: Loading and analyzing source code for codebase default to determine what to deploy 
[debug] [2025-04-07T14:45:30.960Z] Could not find functions.yaml. Must use http discovery
[debug] [2025-04-07T14:45:30.964Z] Found firebase-functions binary at '/Users/dorianrudolph/mathquiz/functions/node_modules/.bin/firebase-functions'
[info] Serving at port 8838

[error] (node:85016) [DEP0040] DeprecationWarning: The `punycode` module is deprecated. Please use a userland alternative instead.
(Use `node --trace-deprecation ...` to show where the warning was created)

[debug] [2025-04-07T14:45:31.056Z] Got response from /__/functions.yaml {"endpoints":{"createDailyChallengeExperte":{"availableMemoryMb":null,"timeoutSeconds":null,"minInstances":null,"maxInstances":null,"ingressSettings":null,"concurrency":null,"serviceAccountEmail":null,"vpc":null,"platform":"gcfv2","labels":{},"scheduleTrigger":{"schedule":"0 0 * * *","retryConfig":{"retryCount":null,"maxDoublings":null,"maxRetrySeconds":null,"minBackoffSeconds":null,"maxBackoffSeconds":null},"timeZone":null},"entryPoint":"createDailyChallengeExperte"}},"specVersion":"v1alpha1","requiredAPIs":[{"api":"cloudscheduler.googleapis.com","reason":"Needed for scheduled functions."}],"extensions":{}}
[debug] [2025-04-07T14:45:35.082Z] Validating nodejs source
[warn] ⚠  functions: package.json indicates an outdated version of firebase-functions. Please upgrade using npm install --save firebase-functions@latest in your functions directory. 
[debug] [2025-04-07T14:45:35.394Z] > [functions] package.json contents: {
  "name": "functions",
  "description": "Cloud Functions for Firebase",
  "scripts": {
    "lint": "eslint .",
    "serve": "firebase emulators:start --only functions",
    "shell": "firebase functions:shell",
    "start": "npm run shell",
    "deploy": "firebase deploy --only functions",
    "logs": "firebase functions:log"
  },
  "engines": {
    "node": "22"
  },
  "main": "index.js",
  "dependencies": {
    "firebase-admin": "^12.6.0",
    "firebase-functions": "^6.0.1"
  },
  "devDependencies": {
    "eslint": "^8.15.0",
    "eslint-config-google": "^0.14.0",
    "firebase-functions-test": "^3.1.0"
  },
  "private": true
}
[debug] [2025-04-07T14:45:35.394Z] Building nodejs source
[info] i  functions: Loading and analyzing source code for codebase mathquiz to determine what to deploy 
[debug] [2025-04-07T14:45:35.394Z] Could not find functions.yaml. Must use http discovery
[debug] [2025-04-07T14:45:35.395Z] Found firebase-functions binary at '/Users/dorianrudolph/mathquiz/mathquiz/node_modules/.bin/firebase-functions'
[info] Serving at port 8936

[debug] [2025-04-07T14:45:35.504Z] Got response from /__/functions.yaml {"endpoints":{},"specVersion":"v1alpha1","requiredAPIs":[],"extensions":{}}
[info] i  extensions: ensuring required API firebaseextensions.googleapis.com is enabled... 
[debug] [2025-04-07T14:45:39.522Z] Checked if tokens are valid: true, expires at: 1744038662145
[debug] [2025-04-07T14:45:39.522Z] Checked if tokens are valid: true, expires at: 1744038662145
[debug] [2025-04-07T14:45:39.522Z] >>> [apiv2][query] GET https://serviceusage.googleapis.com/v1/projects/mathquiz-51f92/services/firebaseextensions.googleapis.com [none]
[debug] [2025-04-07T14:45:39.522Z] >>> [apiv2][(partial)header] GET https://serviceusage.googleapis.com/v1/projects/mathquiz-51f92/services/firebaseextensions.googleapis.com x-goog-quota-user=projects/mathquiz-51f92
[debug] [2025-04-07T14:45:40.488Z] <<< [apiv2][status] GET https://serviceusage.googleapis.com/v1/projects/mathquiz-51f92/services/firebaseextensions.googleapis.com 200
[debug] [2025-04-07T14:45:40.488Z] <<< [apiv2][body] GET https://serviceusage.googleapis.com/v1/projects/mathquiz-51f92/services/firebaseextensions.googleapis.com [omitted]
[info] ✔  extensions: required API firebaseextensions.googleapis.com is enabled 
[debug] [2025-04-07T14:45:40.488Z] > command requires scopes: ["email","openid","https://www.googleapis.com/auth/cloudplatformprojects.readonly","https://www.googleapis.com/auth/firebase","https://www.googleapis.com/auth/cloud-platform"]
[debug] [2025-04-07T14:45:40.489Z] > authorizing via signed-in user (dorianrudolph2004@gmail.com)
[debug] [2025-04-07T14:45:40.489Z] [iam] checking project mathquiz-51f92 for permissions ["firebase.projects.get","firebaseextensions.instances.list"]
[debug] [2025-04-07T14:45:40.489Z] Checked if tokens are valid: true, expires at: 1744038662145
[debug] [2025-04-07T14:45:40.489Z] Checked if tokens are valid: true, expires at: 1744038662145
[debug] [2025-04-07T14:45:40.489Z] >>> [apiv2][query] POST https://cloudresourcemanager.googleapis.com/v1/projects/mathquiz-51f92:testIamPermissions [none]
[debug] [2025-04-07T14:45:40.489Z] >>> [apiv2][(partial)header] POST https://cloudresourcemanager.googleapis.com/v1/projects/mathquiz-51f92:testIamPermissions x-goog-quota-user=projects/mathquiz-51f92
[debug] [2025-04-07T14:45:40.489Z] >>> [apiv2][body] POST https://cloudresourcemanager.googleapis.com/v1/projects/mathquiz-51f92:testIamPermissions {"permissions":["firebase.projects.get","firebaseextensions.instances.list"]}
[debug] [2025-04-07T14:45:41.247Z] <<< [apiv2][status] POST https://cloudresourcemanager.googleapis.com/v1/projects/mathquiz-51f92:testIamPermissions 200
[debug] [2025-04-07T14:45:41.247Z] <<< [apiv2][body] POST https://cloudresourcemanager.googleapis.com/v1/projects/mathquiz-51f92:testIamPermissions {"permissions":["firebase.projects.get","firebaseextensions.instances.list"]}
[debug] [2025-04-07T14:45:41.248Z] Checked if tokens are valid: true, expires at: 1744038662145
[debug] [2025-04-07T14:45:41.248Z] Checked if tokens are valid: true, expires at: 1744038662145
[debug] [2025-04-07T14:45:41.249Z] >>> [apiv2][query] GET https://firebaseextensions.googleapis.com/v1beta/projects/mathquiz-51f92/instances pageSize=100&pageToken=
[debug] [2025-04-07T14:45:42.177Z] <<< [apiv2][status] GET https://firebaseextensions.googleapis.com/v1beta/projects/mathquiz-51f92/instances 200
[debug] [2025-04-07T14:45:42.178Z] <<< [apiv2][body] GET https://firebaseextensions.googleapis.com/v1beta/projects/mathquiz-51f92/instances {}
[info] i  functions: preparing functions directory for uploading... 
[info] i  functions: packaged /Users/dorianrudolph/mathquiz/functions (71.43 KB) for uploading 
[debug] [2025-04-07T14:45:42.216Z] Checked if tokens are valid: true, expires at: 1744038662145
[debug] [2025-04-07T14:45:42.216Z] Checked if tokens are valid: true, expires at: 1744038662145
[debug] [2025-04-07T14:45:42.216Z] >>> [apiv2][query] GET https://cloudfunctions.googleapis.com/v1/projects/mathquiz-51f92/locations/-/functions [none]
[debug] [2025-04-07T14:45:42.857Z] <<< [apiv2][status] GET https://cloudfunctions.googleapis.com/v1/projects/mathquiz-51f92/locations/-/functions 200
[debug] [2025-04-07T14:45:42.857Z] <<< [apiv2][body] GET https://cloudfunctions.googleapis.com/v1/projects/mathquiz-51f92/locations/-/functions {}
[debug] [2025-04-07T14:45:42.858Z] Checked if tokens are valid: true, expires at: 1744038662145
[debug] [2025-04-07T14:45:42.858Z] Checked if tokens are valid: true, expires at: 1744038662145
[debug] [2025-04-07T14:45:42.858Z] >>> [apiv2][query] GET https://cloudfunctions.googleapis.com/v2/projects/mathquiz-51f92/locations/-/functions filter=environment%3D%22GEN_2%22
[debug] [2025-04-07T14:45:43.807Z] <<< [apiv2][status] GET https://cloudfunctions.googleapis.com/v2/projects/mathquiz-51f92/locations/-/functions 200
[debug] [2025-04-07T14:45:43.807Z] <<< [apiv2][body] GET https://cloudfunctions.googleapis.com/v2/projects/mathquiz-51f92/locations/-/functions {"functions":[{"name":"projects/mathquiz-51f92/locations/us-central1/functions/createDailyChallengeExperte","buildConfig":{"build":"projects/427680799387/locations/us-central1/builds/9d2bb2ef-89c0-4f52-b081-cb8a9e302d3c","runtime":"nodejs22","entryPoint":"createDailyChallengeExperte","source":{"storageSource":{"bucket":"gcf-v2-sources-427680799387-us-central1","object":"createDailyChallengeExperte/function-source.zip","generation":"1744036323477966"}},"environmentVariables":{"GOOGLE_NODE_RUN_SCRIPTS":""},"dockerRepository":"projects/mathquiz-51f92/locations/us-central1/repositories/gcf-artifacts","sourceProvenance":{"resolvedStorageSource":{"bucket":"gcf-v2-sources-427680799387-us-central1","object":"createDailyChallengeExperte/function-source.zip","generation":"1744036323477966"}},"dockerRegistry":"ARTIFACT_REGISTRY","serviceAccount":"projects/mathquiz-51f92/serviceAccounts/427680799387-compute@developer.gserviceaccount.com","automaticUpdatePolicy":{}},"serviceConfig":{"service":"projects/mathquiz-51f92/locations/us-central1/services/createdailychallengeexperte","timeoutSeconds":60,"environmentVariables":{"FIREBASE_CONFIG":"{\"projectId\":\"mathquiz-51f92\",\"storageBucket\":\"mathquiz-51f92.firebasestorage.app\"}","GCLOUD_PROJECT":"mathquiz-51f92","EVENTARC_CLOUD_EVENT_SOURCE":"projects/mathquiz-51f92/locations/us-central1/services/createDailyChallengeExperte","FUNCTION_TARGET":"createDailyChallengeExperte","LOG_EXECUTION_ID":"true","FUNCTION_SIGNATURE_TYPE":"http"},"maxInstanceCount":3,"ingressSettings":"ALLOW_ALL","uri":"https://createdailychallengeexperte-ziyyyspjxa-uc.a.run.app","serviceAccountEmail":"427680799387-compute@developer.gserviceaccount.com","availableMemory":"256Mi","allTrafficOnLatestRevision":true,"revision":"createdailychallengeexperte-00011-lux","maxInstanceRequestConcurrency":80,"availableCpu":"1"},"state":"ACTIVE","updateTime":"2025-04-07T14:32:53.882301623Z","labels":{"firebase-functions-hash":"f8fafb08be8edef914f64b0cfac7208c1d688326","deployment-tool":"cli-firebase","deployment-scheduled":"true"},"environment":"GEN_2","url":"https://us-central1-mathquiz-51f92.cloudfunctions.net/createDailyChallengeExperte","createTime":"2025-02-13T10:24:33.249413439Z","satisfiesPzi":true}]}
[info] i  functions: ensuring required API cloudscheduler.googleapis.com is enabled... 
[debug] [2025-04-07T14:45:43.812Z] Checked if tokens are valid: true, expires at: 1744038662145
[debug] [2025-04-07T14:45:43.812Z] Checked if tokens are valid: true, expires at: 1744038662145
[debug] [2025-04-07T14:45:43.812Z] >>> [apiv2][query] GET https://serviceusage.googleapis.com/v1/projects/mathquiz-51f92/services/cloudscheduler.googleapis.com [none]
[debug] [2025-04-07T14:45:43.812Z] >>> [apiv2][(partial)header] GET https://serviceusage.googleapis.com/v1/projects/mathquiz-51f92/services/cloudscheduler.googleapis.com x-goog-quota-user=projects/mathquiz-51f92
[debug] [2025-04-07T14:45:44.169Z] <<< [apiv2][status] GET https://serviceusage.googleapis.com/v1/projects/mathquiz-51f92/services/cloudscheduler.googleapis.com 200
[debug] [2025-04-07T14:45:44.170Z] <<< [apiv2][body] GET https://serviceusage.googleapis.com/v1/projects/mathquiz-51f92/services/cloudscheduler.googleapis.com [omitted]
[info] ✔  functions: required API cloudscheduler.googleapis.com is enabled 
[info] i  functions: ensuring required API run.googleapis.com is enabled... 
[debug] [2025-04-07T14:45:44.171Z] Checked if tokens are valid: true, expires at: 1744038662145
[debug] [2025-04-07T14:45:44.171Z] Checked if tokens are valid: true, expires at: 1744038662145
[info] i  functions: ensuring required API eventarc.googleapis.com is enabled... 
[debug] [2025-04-07T14:45:44.171Z] Checked if tokens are valid: true, expires at: 1744038662145
[debug] [2025-04-07T14:45:44.171Z] Checked if tokens are valid: true, expires at: 1744038662145
[info] i  functions: ensuring required API pubsub.googleapis.com is enabled... 
[debug] [2025-04-07T14:45:44.171Z] Checked if tokens are valid: true, expires at: 1744038662145
[debug] [2025-04-07T14:45:44.171Z] Checked if tokens are valid: true, expires at: 1744038662145
[info] i  functions: ensuring required API storage.googleapis.com is enabled... 
[debug] [2025-04-07T14:45:44.172Z] Checked if tokens are valid: true, expires at: 1744038662145
[debug] [2025-04-07T14:45:44.172Z] Checked if tokens are valid: true, expires at: 1744038662145
[debug] [2025-04-07T14:45:44.172Z] >>> [apiv2][query] GET https://serviceusage.googleapis.com/v1/projects/mathquiz-51f92/services/run.googleapis.com [none]
[debug] [2025-04-07T14:45:44.172Z] >>> [apiv2][(partial)header] GET https://serviceusage.googleapis.com/v1/projects/mathquiz-51f92/services/run.googleapis.com x-goog-quota-user=projects/mathquiz-51f92
[debug] [2025-04-07T14:45:44.172Z] >>> [apiv2][query] GET https://serviceusage.googleapis.com/v1/projects/mathquiz-51f92/services/eventarc.googleapis.com [none]
[debug] [2025-04-07T14:45:44.173Z] >>> [apiv2][(partial)header] GET https://serviceusage.googleapis.com/v1/projects/mathquiz-51f92/services/eventarc.googleapis.com x-goog-quota-user=projects/mathquiz-51f92
[debug] [2025-04-07T14:45:44.175Z] >>> [apiv2][query] GET https://serviceusage.googleapis.com/v1/projects/mathquiz-51f92/services/pubsub.googleapis.com [none]
[debug] [2025-04-07T14:45:44.175Z] >>> [apiv2][(partial)header] GET https://serviceusage.googleapis.com/v1/projects/mathquiz-51f92/services/pubsub.googleapis.com x-goog-quota-user=projects/mathquiz-51f92
[debug] [2025-04-07T14:45:44.177Z] >>> [apiv2][query] GET https://serviceusage.googleapis.com/v1/projects/mathquiz-51f92/services/storage.googleapis.com [none]
[debug] [2025-04-07T14:45:44.178Z] >>> [apiv2][(partial)header] GET https://serviceusage.googleapis.com/v1/projects/mathquiz-51f92/services/storage.googleapis.com x-goog-quota-user=projects/mathquiz-51f92
[debug] [2025-04-07T14:45:45.069Z] <<< [apiv2][status] GET https://serviceusage.googleapis.com/v1/projects/mathquiz-51f92/services/run.googleapis.com 200
[debug] [2025-04-07T14:45:45.069Z] <<< [apiv2][body] GET https://serviceusage.googleapis.com/v1/projects/mathquiz-51f92/services/run.googleapis.com [omitted]
[info] ✔  functions: required API run.googleapis.com is enabled 
[debug] [2025-04-07T14:45:45.071Z] <<< [apiv2][status] GET https://serviceusage.googleapis.com/v1/projects/mathquiz-51f92/services/eventarc.googleapis.com 200
[debug] [2025-04-07T14:45:45.071Z] <<< [apiv2][body] GET https://serviceusage.googleapis.com/v1/projects/mathquiz-51f92/services/eventarc.googleapis.com [omitted]
[info] ✔  functions: required API eventarc.googleapis.com is enabled 
[debug] [2025-04-07T14:45:45.109Z] <<< [apiv2][status] GET https://serviceusage.googleapis.com/v1/projects/mathquiz-51f92/services/pubsub.googleapis.com 200
[debug] [2025-04-07T14:45:45.110Z] <<< [apiv2][body] GET https://serviceusage.googleapis.com/v1/projects/mathquiz-51f92/services/pubsub.googleapis.com [omitted]
[info] ✔  functions: required API pubsub.googleapis.com is enabled 
[debug] [2025-04-07T14:45:45.123Z] <<< [apiv2][status] GET https://serviceusage.googleapis.com/v1/projects/mathquiz-51f92/services/storage.googleapis.com 200
[debug] [2025-04-07T14:45:45.123Z] <<< [apiv2][body] GET https://serviceusage.googleapis.com/v1/projects/mathquiz-51f92/services/storage.googleapis.com [omitted]
[info] ✔  functions: required API storage.googleapis.com is enabled 
[info] i  functions: generating the service identity for pubsub.googleapis.com... 
[debug] [2025-04-07T14:45:45.124Z] Checked if tokens are valid: true, expires at: 1744038662145
[debug] [2025-04-07T14:45:45.124Z] Checked if tokens are valid: true, expires at: 1744038662145
[info] i  functions: generating the service identity for eventarc.googleapis.com... 
[debug] [2025-04-07T14:45:45.124Z] Checked if tokens are valid: true, expires at: 1744038662145
[debug] [2025-04-07T14:45:45.124Z] Checked if tokens are valid: true, expires at: 1744038662145
[debug] [2025-04-07T14:45:45.124Z] >>> [apiv2][query] POST https://serviceusage.googleapis.com/v1beta1/projects/427680799387/services/pubsub.googleapis.com:generateServiceIdentity [none]
[debug] [2025-04-07T14:45:45.125Z] >>> [apiv2][query] POST https://serviceusage.googleapis.com/v1beta1/projects/427680799387/services/eventarc.googleapis.com:generateServiceIdentity [none]
[debug] [2025-04-07T14:45:46.046Z] <<< [apiv2][status] POST https://serviceusage.googleapis.com/v1beta1/projects/427680799387/services/eventarc.googleapis.com:generateServiceIdentity 200
[debug] [2025-04-07T14:45:46.046Z] <<< [apiv2][body] POST https://serviceusage.googleapis.com/v1beta1/projects/427680799387/services/eventarc.googleapis.com:generateServiceIdentity {"name":"operations/finished.DONE_OPERATION","done":true,"response":{"@type":"type.googleapis.com/google.api.serviceusage.v1beta1.ServiceIdentity","email":"service-427680799387@gcp-sa-eventarc.iam.gserviceaccount.com","uniqueId":"110371942401282059141"}}
[debug] [2025-04-07T14:45:46.069Z] <<< [apiv2][status] POST https://serviceusage.googleapis.com/v1beta1/projects/427680799387/services/pubsub.googleapis.com:generateServiceIdentity 200
[debug] [2025-04-07T14:45:46.069Z] <<< [apiv2][body] POST https://serviceusage.googleapis.com/v1beta1/projects/427680799387/services/pubsub.googleapis.com:generateServiceIdentity {"name":"operations/finished.DONE_OPERATION","done":true,"response":{"@type":"type.googleapis.com/google.api.serviceusage.v1beta1.ServiceIdentity","email":"service-427680799387@gcp-sa-pubsub.iam.gserviceaccount.com","uniqueId":"116820760115772733502"}}
[debug] [2025-04-07T14:45:46.072Z] Checked if tokens are valid: true, expires at: 1744038662145
[debug] [2025-04-07T14:45:46.072Z] Checked if tokens are valid: true, expires at: 1744038662145
[debug] [2025-04-07T14:45:46.073Z] >>> [apiv2][query] GET https://cloudresourcemanager.googleapis.com/v1/projects/mathquiz-51f92 [none]
[debug] [2025-04-07T14:45:46.294Z] <<< [apiv2][status] GET https://cloudresourcemanager.googleapis.com/v1/projects/mathquiz-51f92 200
[debug] [2025-04-07T14:45:46.294Z] <<< [apiv2][body] GET https://cloudresourcemanager.googleapis.com/v1/projects/mathquiz-51f92 {"projectNumber":"427680799387","projectId":"mathquiz-51f92","lifecycleState":"ACTIVE","name":"mathquiz","labels":{"firebase":"enabled","firebase-core":"disabled"},"createTime":"2025-01-07T07:47:01.390807Z"}
[debug] [2025-04-07T14:45:46.300Z] Checked if tokens are valid: true, expires at: 1744038662145
[debug] [2025-04-07T14:45:46.300Z] Checked if tokens are valid: true, expires at: 1744038662145
[debug] [2025-04-07T14:45:46.300Z] >>> [apiv2][query] POST https://firebasehosting.googleapis.com/v1beta1/projects/-/sites/mathquiz-51f92/versions [none]
[debug] [2025-04-07T14:45:46.300Z] >>> [apiv2][body] POST https://firebasehosting.googleapis.com/v1beta1/projects/-/sites/mathquiz-51f92/versions {"status":"CREATED","labels":{"deployment-tool":"cli-firebase"}}
[debug] [2025-04-07T14:45:47.500Z] <<< [apiv2][status] POST https://firebasehosting.googleapis.com/v1beta1/projects/-/sites/mathquiz-51f92/versions 200
[debug] [2025-04-07T14:45:47.501Z] <<< [apiv2][body] POST https://firebasehosting.googleapis.com/v1beta1/projects/-/sites/mathquiz-51f92/versions {"name":"projects/427680799387/sites/mathquiz-51f92/versions/6ca9d950b5bcfa35","status":"CREATED","config":{},"labels":{"deployment-tool":"cli-firebase"}}
[debug] [2025-04-07T14:45:47.502Z] Checked if tokens are valid: true, expires at: 1744038662145
[debug] [2025-04-07T14:45:47.502Z] Checked if tokens are valid: true, expires at: 1744038662145
[debug] [2025-04-07T14:45:47.503Z] >>> [apiv2][query] GET https://cloudbilling.googleapis.com/v1/projects/mathquiz-51f92/billingInfo [none]
[debug] [2025-04-07T14:45:47.852Z] <<< [apiv2][status] GET https://cloudbilling.googleapis.com/v1/projects/mathquiz-51f92/billingInfo 200
[debug] [2025-04-07T14:45:47.852Z] <<< [apiv2][body] GET https://cloudbilling.googleapis.com/v1/projects/mathquiz-51f92/billingInfo {"name":"projects/mathquiz-51f92/billingInfo","projectId":"mathquiz-51f92","billingAccountName":"billingAccounts/016F78-C21BA4-0CF0D6","billingEnabled":true}
[debug] [2025-04-07T14:45:47.855Z] Checked if tokens are valid: true, expires at: 1744038662145
[debug] [2025-04-07T14:45:47.855Z] Checked if tokens are valid: true, expires at: 1744038662145
[debug] [2025-04-07T14:45:47.855Z] >>> [apiv2][query] POST https://cloudfunctions.googleapis.com/v2/projects/mathquiz-51f92/locations/us-central1/functions:generateUploadUrl [none]
[debug] [2025-04-07T14:45:48.638Z] <<< [apiv2][status] POST https://cloudfunctions.googleapis.com/v2/projects/mathquiz-51f92/locations/us-central1/functions:generateUploadUrl 200
[debug] [2025-04-07T14:45:48.638Z] <<< [apiv2][body] POST https://cloudfunctions.googleapis.com/v2/projects/mathquiz-51f92/locations/us-central1/functions:generateUploadUrl {"uploadUrl":"https://storage.googleapis.com/gcf-v2-uploads-427680799387.us-central1.cloudfunctions.appspot.com/2ccc9012-9397-48d3-809a-9ce25760d9f7.zip?GoogleAccessId=service-427680799387@gcf-admin-robot.iam.gserviceaccount.com&Expires=1744038948&Signature=GivqRl26wEZb5QexZc83z95iB3yN2eSJDfA2wq26v324L981lY6LkI9ykEO6K0FLWejdOf8aP3yOQCiF5i3PHBjDLAIW5mf3cyfi6Ual9djE8kytauoJIBqYYnaqAluYT0o6LLHvfDOARI6yEdvlIXONxmILQMfH1abTqBlfAQyJowUybIxcEX4UcJGs4wPUi7hrwrPKxDI8ZwYyFTks3qCm8I7W1cdsR97R5A0bLys5RaF9uwivh1%2FE%2FJYx8Lilp2iTAPKr%2BXj9xUq%2FDk5KZ8NZCJSYsuekX0o3cxk2lkJu6yy3Rc9GtC5voKxqCCmK7ZmVrJ1N9f50TfeQStNH%2Fw%3D%3D","storageSource":{"bucket":"gcf-v2-uploads-427680799387.us-central1.cloudfunctions.appspot.com","object":"2ccc9012-9397-48d3-809a-9ce25760d9f7.zip"}}
[debug] [2025-04-07T14:45:48.640Z] >>> [apiv2][query] PUT https://storage.googleapis.com/gcf-v2-uploads-427680799387.us-central1.cloudfunctions.appspot.com/2ccc9012-9397-48d3-809a-9ce25760d9f7.zip GoogleAccessId=service-427680799387%40gcf-admin-robot.iam.gserviceaccount.com&Expires=1744038948&Signature=GivqRl26wEZb5QexZc83z95iB3yN2eSJDfA2wq26v324L981lY6LkI9ykEO6K0FLWejdOf8aP3yOQCiF5i3PHBjDLAIW5mf3cyfi6Ual9djE8kytauoJIBqYYnaqAluYT0o6LLHvfDOARI6yEdvlIXONxmILQMfH1abTqBlfAQyJowUybIxcEX4UcJGs4wPUi7hrwrPKxDI8ZwYyFTks3qCm8I7W1cdsR97R5A0bLys5RaF9uwivh1%2FE%2FJYx8Lilp2iTAPKr%2BXj9xUq%2FDk5KZ8NZCJSYsuekX0o3cxk2lkJu6yy3Rc9GtC5voKxqCCmK7ZmVrJ1N9f50TfeQStNH%2Fw%3D%3D
[debug] [2025-04-07T14:45:48.641Z] >>> [apiv2][body] PUT https://storage.googleapis.com/gcf-v2-uploads-427680799387.us-central1.cloudfunctions.appspot.com/2ccc9012-9397-48d3-809a-9ce25760d9f7.zip [stream]
[debug] [2025-04-07T14:45:49.866Z] <<< [apiv2][status] PUT https://storage.googleapis.com/gcf-v2-uploads-427680799387.us-central1.cloudfunctions.appspot.com/2ccc9012-9397-48d3-809a-9ce25760d9f7.zip 200
[debug] [2025-04-07T14:45:49.867Z] <<< [apiv2][body] PUT https://storage.googleapis.com/gcf-v2-uploads-427680799387.us-central1.cloudfunctions.appspot.com/2ccc9012-9397-48d3-809a-9ce25760d9f7.zip [omitted]
[info] ✔  functions: functions folder uploaded successfully 
[info] i  hosting[mathquiz-51f92]: beginning deploy... 
[info] i  hosting[mathquiz-51f92]: found 45 files in build/web 
[debug] [2025-04-07T14:45:49.894Z] [hosting] uploading with 200 concurrency
[debug] [2025-04-07T14:45:49.987Z] Checked if tokens are valid: true, expires at: 1744038662145
[debug] [2025-04-07T14:45:49.987Z] Checked if tokens are valid: true, expires at: 1744038662145
[debug] [2025-04-07T14:45:49.987Z] [hosting] hash cache [YnVpbGQvd2Vi] stored for 45 files
[debug] [2025-04-07T14:45:49.988Z] [hosting][hash queue][FINAL] {"max":89,"min":0,"avg":3.533333333333333,"active":0,"complete":45,"success":45,"errored":0,"retried":0,"total":45,"elapsed":91}
[debug] [2025-04-07T14:45:49.988Z] >>> [apiv2][query] POST https://firebasehosting.googleapis.com/v1beta1/projects/427680799387/sites/mathquiz-51f92/versions/6ca9d950b5bcfa35:populateFiles [none]
[debug] [2025-04-07T14:45:49.988Z] >>> [apiv2][body] POST https://firebasehosting.googleapis.com/v1beta1/projects/427680799387/sites/mathquiz-51f92/versions/6ca9d950b5bcfa35:populateFiles {"files":{"/manifest.json":"2658cea4bdd717a23a476c39fe08cff88ee15e5f63e5297d7f0efe2a8dc59adb","/flutter.js":"11e0482183a37eeaa2fd677adf173dc18907c02a70f67710dab0997502f424ab","/favicon.png":"c023e85c356b33452a71456926b38343b06e82352785091f9bc4debc68956529","/icons/Icon-maskable-512.png":"acb883dcd1c47b0c08d93b9f838459a0a14957b1f044f759310893e89557a5e1","/icons/Icon-maskable-192.png":"1c3ba0c948915ce01efa0bcb9c9b22dffc63f30df9ff6c3288531c5209a86908","/icons/Icon-512.png":"db4e589fa57af5d94440c1679ae7b9248d82ddd3002614cf473439d0728d868f","/icons/Icon-192.png":"84c73fff6a50c2573b3a7d2e09b2d55c628db625c8ca61c632a0add7028d2926","/canvaskit/skwasm.worker.js":"c4b4bf79e49758d9b00d8a2b2af62a979d81b39de63d002f6c3594ba5bf5ec1d","/canvaskit/skwasm.wasm":"41c213d7c9f0abd01569cb00538ac991a05d6d5e2591a6b1d67f672c24356fd5","/canvaskit/skwasm.js.symbols":"bad002710566fe343cb88f389a5997f83815faf65ad76752af2f50195ed6ab67","/canvaskit/skwasm.js":"1c89acedd6c31903eeb0f0491d917859fb3148e115db9fd0fbab668f3f392b3e","/canvaskit/canvaskit.wasm":"9c78f3ab756b8a4ccb53a27332d3f6cf0943493487949b697044d98e84e5d723","/canvaskit/canvaskit.js.symbols":"8697003edfc3c4b856080707fd6fd2a9b3772ebf7a036d2b8e7b99e2868fff76","/canvaskit/canvaskit.js":"a9795c17c6b7ce64eb61f3cc8ddc3f643827ff1f37f58185cc6745a990e37a53","/canvaskit/chromium/canvaskit.wasm":"d444ab41824198f8ca06af224a62b0d96a1be25dd12e0da037cf9635d12730b6","/canvaskit/chromium/canvaskit.js.symbols":"7ff672ad43db552de38bf2728092d51e95a55754500c1fb1da2801c56516b94e","/canvaskit/chromium/canvaskit.js":"3ceb67ad51cd56f60f84e4433199ad7f536a0f4808cec44bcb02da49e2f116fa","/assets/packages/sign_in_button/assets/logos/google_light.png":"32634742179cf3d69e13be47ad2e6f72e5d578e7a28814b97b534d31dc46668a","/assets/packages/sign_in_button/assets/logos/google_dark.png":"5cfadcb17ecc08ddd180ac3d15bf4b2e9891056cf123ae25f363ded2ef2984f2","/assets/packages/sign_in_button/assets/logos/facebook_new.png":"5eb8a981522272116879111da69d7756c939391d1a8b436e194a9c0169c3f27f","/assets/packages/sign_in_button/assets/logos/3.0x/google_light.png":"3c0d9a80d69ac1db48c9510f3b364d3c1e462b5e45d23ea3df9cdc086bf65e2b","/assets/packages/sign_in_button/assets/logos/3.0x/google_dark.png":"03c354b94e59989424e60b1a3190b4e4e8f3ae66af3884dd5923b83e4b4289d9","/assets/packages/sign_in_button/assets/logos/3.0x/facebook_new.png":"c0f71e94c4b7a4b7076a5cebce3610325c67c7ebd605395680e6127ec83badc6","/assets/packages/sign_in_button/assets/logos/2.0x/google_light.png":"b77b4c9296e2429088254d5fe4b6d7166f719e15a975aa5c359a2c056232b9dc","/assets/packages/sign_in_button/assets/logos/2.0x/google_dark.png":"a664df997328177c3adbcb0c95217989eb5e2035433f8a5ed3fa235c0b3d042e","/assets/packages/sign_in_button/assets/logos/2.0x/facebook_new.png":"465231490de9ae67323dcb6bb3d614e8139aa885cc8fc8a647a764718c0beaef","/assets/packages/font_awesome_flutter/lib/fonts/fa-regular-400.ttf":"aec52d57cfd266d82a06e3e23aafa38fc9de29f819f3745d8d3bf265bc34ee2d","/assets/packages/fluttertoast/assets/toastify.js":"1553e30c211a7de9701fe1157e2944d4809e780ab047a57c83f2c2cd9c6b5279","/assets/packages/fluttertoast/assets/toastify.css":"2141f65b0cd6a7cea0fbefdaeb2fa9558393b66b6b975d023c93c19db495277d","/assets/assets/images/mathquiz_logo.png":"13c96afec555f3bddb6bddecfec08707134803fad3ba8df3bf41c0466a1f4312","/version.json":"ea50f10a9d1005a2cb61c5ce8a026727812c72085ebb20dc2ab86bd025146711","/index.html":"e350ee31ac09a44d78fbf9c276d6e040ac3db626c519487308589fed50cd4a65","/assets/FontManifest.json":"04e91b88906c2b0e96dccc6d87d9c24b3f858302e0ecd6c21d589694948f16a4","/assets/AssetManifest.json":"8e6de8b9ca6f4fb852515206fc39fe7db2551e2bb7151761e673db240c43571a","/assets/AssetManifest.bin.json":"4c8b922807a35a945e6f07591e5edb4f7c25e2b8c5fc0e4657acda61639aa8fd","/flutter_bootstrap.js":"7f0020a8c475defe6da58de6f2b372ad27d1d9bdbb43b05e054b7dae75418d7f","/assets/AssetManifest.bin":"b18a78753224f9e8020ced8cc45d7d2f4113db56fa6ded59e61993e5cb67443c","/flutter_service_worker.js":"88733013d77d561d2b278f6fc4741f38f8720a2eb383f65b644d4543bed8454a","/assets/packages/cupertino_icons/assets/CupertinoIcons.ttf":"0b5dc0b781f463f46d62a6c14accbc905ed181778c39673af4e36e01528297ae","/assets/packages/font_awesome_flutter/lib/fonts/fa-solid-900.ttf":"1cfa74bfabd981e9e122ac5736125f95c4ed3471840ed712d0ca9a2ef501a2af","/assets/shaders/ink_sparkle.frag":"c1bf2e040de157dc910cb5f6d0106a2ffe939bbe1ee6beac13fe9ccc25f0db67","/assets/packages/font_awesome_flutter/lib/fonts/fa-brands-400.ttf":"96aa7b2bc04997aa9e1b3e0401bf3fd1c49512caee4c0e6cca6027c464d881eb","/assets/fonts/MaterialIcons-Regular.otf":"822a5547c6224d68d2a3eebe8e978a63643f221ebe83d9a1ce587c1990150142","/assets/NOTICES":"8ff8c3e389764299a37632e521b3af5b401139a4a2c66034384057a43150e1aa","/main.dart.js":"a4666a756ecf3822889887ba70779fec9c768ac8a1c8e822430602077cb9c4e7"}}
[debug] [2025-04-07T14:45:50.318Z] <<< [apiv2][status] POST https://firebasehosting.googleapis.com/v1beta1/projects/427680799387/sites/mathquiz-51f92/versions/6ca9d950b5bcfa35:populateFiles 200
[debug] [2025-04-07T14:45:50.318Z] <<< [apiv2][body] POST https://firebasehosting.googleapis.com/v1beta1/projects/427680799387/sites/mathquiz-51f92/versions/6ca9d950b5bcfa35:populateFiles {"uploadRequiredHashes":["a4666a756ecf3822889887ba70779fec9c768ac8a1c8e822430602077cb9c4e7","88733013d77d561d2b278f6fc4741f38f8720a2eb383f65b644d4543bed8454a","7f0020a8c475defe6da58de6f2b372ad27d1d9bdbb43b05e054b7dae75418d7f"],"uploadUrl":"https://upload-firebasehosting.googleapis.com/upload/sites/mathquiz-51f92/versions/6ca9d950b5bcfa35/files"}
[debug] [2025-04-07T14:45:50.320Z] Checked if tokens are valid: true, expires at: 1744038662145
[debug] [2025-04-07T14:45:50.320Z] Checked if tokens are valid: true, expires at: 1744038662145
[debug] [2025-04-07T14:45:50.320Z] Checked if tokens are valid: true, expires at: 1744038662145
[debug] [2025-04-07T14:45:50.320Z] Checked if tokens are valid: true, expires at: 1744038662145
[debug] [2025-04-07T14:45:50.320Z] Checked if tokens are valid: true, expires at: 1744038662145
[debug] [2025-04-07T14:45:50.320Z] Checked if tokens are valid: true, expires at: 1744038662145
[debug] [2025-04-07T14:45:50.320Z] >>> [apiv2][query] POST https://upload-firebasehosting.googleapis.com/upload/sites/mathquiz-51f92/versions/6ca9d950b5bcfa35/files/a4666a756ecf3822889887ba70779fec9c768ac8a1c8e822430602077cb9c4e7 [none]
[debug] [2025-04-07T14:45:50.320Z] >>> [apiv2][body] POST https://upload-firebasehosting.googleapis.com/upload/sites/mathquiz-51f92/versions/6ca9d950b5bcfa35/files/a4666a756ecf3822889887ba70779fec9c768ac8a1c8e822430602077cb9c4e7 [stream]
[debug] [2025-04-07T14:45:50.322Z] >>> [apiv2][query] POST https://upload-firebasehosting.googleapis.com/upload/sites/mathquiz-51f92/versions/6ca9d950b5bcfa35/files/88733013d77d561d2b278f6fc4741f38f8720a2eb383f65b644d4543bed8454a [none]
[debug] [2025-04-07T14:45:50.322Z] >>> [apiv2][body] POST https://upload-firebasehosting.googleapis.com/upload/sites/mathquiz-51f92/versions/6ca9d950b5bcfa35/files/88733013d77d561d2b278f6fc4741f38f8720a2eb383f65b644d4543bed8454a [stream]
[debug] [2025-04-07T14:45:50.323Z] >>> [apiv2][query] POST https://upload-firebasehosting.googleapis.com/upload/sites/mathquiz-51f92/versions/6ca9d950b5bcfa35/files/7f0020a8c475defe6da58de6f2b372ad27d1d9bdbb43b05e054b7dae75418d7f [none]
[debug] [2025-04-07T14:45:50.324Z] >>> [apiv2][body] POST https://upload-firebasehosting.googleapis.com/upload/sites/mathquiz-51f92/versions/6ca9d950b5bcfa35/files/7f0020a8c475defe6da58de6f2b372ad27d1d9bdbb43b05e054b7dae75418d7f [stream]
[debug] [2025-04-07T14:45:50.324Z] [hosting][populate queue][FINAL] {"max":333,"min":333,"avg":333,"active":0,"complete":1,"success":1,"errored":0,"retried":0,"total":1,"elapsed":337}
[debug] [2025-04-07T14:45:50.325Z] [hosting] uploads queued: 3
[debug] [2025-04-07T14:45:51.541Z] <<< [apiv2][status] POST https://upload-firebasehosting.googleapis.com/upload/sites/mathquiz-51f92/versions/6ca9d950b5bcfa35/files/a4666a756ecf3822889887ba70779fec9c768ac8a1c8e822430602077cb9c4e7 200
[debug] [2025-04-07T14:45:51.541Z] <<< [apiv2][body] POST https://upload-firebasehosting.googleapis.com/upload/sites/mathquiz-51f92/versions/6ca9d950b5bcfa35/files/a4666a756ecf3822889887ba70779fec9c768ac8a1c8e822430602077cb9c4e7 [stream]
[debug] [2025-04-07T14:45:51.575Z] <<< [apiv2][status] POST https://upload-firebasehosting.googleapis.com/upload/sites/mathquiz-51f92/versions/6ca9d950b5bcfa35/files/7f0020a8c475defe6da58de6f2b372ad27d1d9bdbb43b05e054b7dae75418d7f 200
[debug] [2025-04-07T14:45:51.575Z] <<< [apiv2][body] POST https://upload-firebasehosting.googleapis.com/upload/sites/mathquiz-51f92/versions/6ca9d950b5bcfa35/files/7f0020a8c475defe6da58de6f2b372ad27d1d9bdbb43b05e054b7dae75418d7f [stream]
[debug] [2025-04-07T14:45:51.707Z] <<< [apiv2][status] POST https://upload-firebasehosting.googleapis.com/upload/sites/mathquiz-51f92/versions/6ca9d950b5bcfa35/files/88733013d77d561d2b278f6fc4741f38f8720a2eb383f65b644d4543bed8454a 200
[debug] [2025-04-07T14:45:51.707Z] <<< [apiv2][body] POST https://upload-firebasehosting.googleapis.com/upload/sites/mathquiz-51f92/versions/6ca9d950b5bcfa35/files/88733013d77d561d2b278f6fc4741f38f8720a2eb383f65b644d4543bed8454a [stream]
[debug] [2025-04-07T14:45:51.708Z] [hosting][upload queue][FINAL] {"max":1388,"min":1222,"avg":1288.3333333333333,"active":0,"complete":3,"success":3,"errored":0,"retried":0,"total":3,"elapsed":1389}
[info] ✔  hosting[mathquiz-51f92]: file upload complete 
[debug] [2025-04-07T14:45:51.709Z] [hosting] deploy completed after 1838ms
[info] i  functions: updating Node.js 22 (2nd Gen) function createDailyChallengeExperte(us-central1)... 
[debug] [2025-04-07T14:45:51.713Z] Checked if tokens are valid: true, expires at: 1744038662145
[debug] [2025-04-07T14:45:51.713Z] Checked if tokens are valid: true, expires at: 1744038662145
[debug] [2025-04-07T14:45:51.713Z] >>> [apiv2][query] PATCH https://cloudfunctions.googleapis.com/v2/projects/mathquiz-51f92/locations/us-central1/functions/createDailyChallengeExperte updateMask=name%2CbuildConfig.runtime%2CbuildConfig.entryPoint%2CbuildConfig.source.storageSource.bucket%2CbuildConfig.source.storageSource.object%2CbuildConfig.environmentVariables%2CbuildConfig.sourceToken%2CserviceConfig.environmentVariables%2CserviceConfig.ingressSettings%2CserviceConfig.timeoutSeconds%2CserviceConfig.serviceAccountEmail%2CserviceConfig.availableMemory%2CserviceConfig.minInstanceCount%2CserviceConfig.maxInstanceCount%2CserviceConfig.maxInstanceRequestConcurrency%2CserviceConfig.availableCpu%2CserviceConfig.vpcConnector%2CserviceConfig.vpcConnectorEgressSettings%2Clabels%2CbuildConfig.buildEnvironmentVariables
[debug] [2025-04-07T14:45:51.713Z] >>> [apiv2][body] PATCH https://cloudfunctions.googleapis.com/v2/projects/mathquiz-51f92/locations/us-central1/functions/createDailyChallengeExperte {"name":"projects/mathquiz-51f92/locations/us-central1/functions/createDailyChallengeExperte","buildConfig":{"runtime":"nodejs22","entryPoint":"createDailyChallengeExperte","source":{"storageSource":{"bucket":"gcf-v2-uploads-427680799387.us-central1.cloudfunctions.appspot.com","object":"2ccc9012-9397-48d3-809a-9ce25760d9f7.zip"}},"environmentVariables":{"GOOGLE_NODE_RUN_SCRIPTS":""}},"serviceConfig":{"environmentVariables":{"FIREBASE_CONFIG":"{\"projectId\":\"mathquiz-51f92\",\"storageBucket\":\"mathquiz-51f92.firebasestorage.app\"}","GCLOUD_PROJECT":"mathquiz-51f92","EVENTARC_CLOUD_EVENT_SOURCE":"projects/mathquiz-51f92/locations/us-central1/services/createDailyChallengeExperte","FUNCTION_TARGET":"createDailyChallengeExperte","LOG_EXECUTION_ID":"true","FUNCTION_SIGNATURE_TYPE":"http"},"ingressSettings":null,"timeoutSeconds":null,"serviceAccountEmail":null,"availableMemory":"256Mi","minInstanceCount":null,"maxInstanceCount":null,"maxInstanceRequestConcurrency":80,"availableCpu":"1","vpcConnector":null,"vpcConnectorEgressSettings":null},"labels":{"deployment-tool":"cli-firebase","deployment-scheduled":"true","firebase-functions-hash":"124f1dd73c0a7026713c918d264c66e27b9f6ee2"}}
[debug] [2025-04-07T14:45:53.243Z] <<< [apiv2][status] PATCH https://cloudfunctions.googleapis.com/v2/projects/mathquiz-51f92/locations/us-central1/functions/createDailyChallengeExperte 200
[debug] [2025-04-07T14:45:53.243Z] <<< [apiv2][body] PATCH https://cloudfunctions.googleapis.com/v2/projects/mathquiz-51f92/locations/us-central1/functions/createDailyChallengeExperte {"name":"projects/mathquiz-51f92/locations/us-central1/operations/operation-1744037152394-632314af18b68-8cf2d89f-c0c5a1c9","metadata":{"@type":"type.googleapis.com/google.cloud.functions.v2.OperationMetadata","createTime":"2025-04-07T14:45:53.098856899Z","target":"projects/mathquiz-51f92/locations/us-central1/functions/createDailyChallengeExperte","verb":"update","cancelRequested":false,"apiVersion":"v2"},"done":false}
[debug] [2025-04-07T14:45:53.244Z] Checked if tokens are valid: true, expires at: 1744038662145
[debug] [2025-04-07T14:45:53.244Z] Checked if tokens are valid: true, expires at: 1744038662145
[debug] [2025-04-07T14:45:53.245Z] >>> [apiv2][query] GET https://cloudfunctions.googleapis.com/v2/projects/mathquiz-51f92/locations/us-central1/operations/operation-1744037152394-632314af18b68-8cf2d89f-c0c5a1c9 [none]
[debug] [2025-04-07T14:45:53.955Z] <<< [apiv2][status] GET https://cloudfunctions.googleapis.com/v2/projects/mathquiz-51f92/locations/us-central1/operations/operation-1744037152394-632314af18b68-8cf2d89f-c0c5a1c9 200
[debug] [2025-04-07T14:45:53.955Z] <<< [apiv2][body] GET https://cloudfunctions.googleapis.com/v2/projects/mathquiz-51f92/locations/us-central1/operations/operation-1744037152394-632314af18b68-8cf2d89f-c0c5a1c9 {"name":"projects/mathquiz-51f92/locations/us-central1/operations/operation-1744037152394-632314af18b68-8cf2d89f-c0c5a1c9","metadata":{"@type":"type.googleapis.com/google.cloud.functions.v2.OperationMetadata","createTime":"2025-04-07T14:45:53.098856899Z","target":"projects/mathquiz-51f92/locations/us-central1/functions/createDailyChallengeExperte","verb":"update","cancelRequested":false,"apiVersion":"v2","requestResource":{"@type":"type.googleapis.com/google.cloud.functions.v2.Function","name":"projects/mathquiz-51f92/locations/us-central1/functions/createDailyChallengeExperte","buildConfig":{"runtime":"nodejs22","entryPoint":"createDailyChallengeExperte","source":{"storageSource":{"bucket":"gcf-v2-sources-427680799387-us-central1","object":"createDailyChallengeExperte/function-source.zip","generation":"1744037153053897"}},"environmentVariables":{"GOOGLE_NODE_RUN_SCRIPTS":""},"dockerRepository":"projects/mathquiz-51f92/locations/us-central1/repositories/gcf-artifacts","sourceProvenance":{"resolvedStorageSource":{"bucket":"gcf-v2-sources-427680799387-us-central1","object":"createDailyChallengeExperte/function-source.zip","generation":"1744036323477966"}},"dockerRegistry":"ARTIFACT_REGISTRY","serviceAccount":"projects/mathquiz-51f92/serviceAccounts/427680799387-compute@developer.gserviceaccount.com","automaticUpdatePolicy":{}},"serviceConfig":{"service":"projects/mathquiz-51f92/locations/us-central1/services/createdailychallengeexperte","timeoutSeconds":60,"environmentVariables":{"FIREBASE_CONFIG":"{\"projectId\":\"mathquiz-51f92\",\"storageBucket\":\"mathquiz-51f92.firebasestorage.app\"}","GCLOUD_PROJECT":"mathquiz-51f92","EVENTARC_CLOUD_EVENT_SOURCE":"projects/mathquiz-51f92/locations/us-central1/services/createDailyChallengeExperte","FUNCTION_TARGET":"createDailyChallengeExperte","LOG_EXECUTION_ID":"true","FUNCTION_SIGNATURE_TYPE":"http"},"ingressSettings":"ALLOW_ALL","uri":"https://createdailychallengeexperte-ziyyyspjxa-uc.a.run.app","serviceAccountEmail":"427680799387-compute@developer.gserviceaccount.com","availableMemory":"256Mi","allTrafficOnLatestRevision":true,"revision":"createdailychallengeexperte-00011-lux","maxInstanceRequestConcurrency":80,"availableCpu":"1"},"state":"ACTIVE","labels":{"deployment-tool":"cli-firebase","deployment-scheduled":"true","firebase-functions-hash":"124f1dd73c0a7026713c918d264c66e27b9f6ee2"},"environment":"GEN_2","url":"https://us-central1-mathquiz-51f92.cloudfunctions.net/createDailyChallengeExperte","satisfiesPzi":true},"stages":[{"name":"BUILD","message":"Creating build","state":"IN_PROGRESS","resource":"projects/427680799387/locations/us-central1/builds/614733b8-9867-4e20-89fe-2a20cc7febd9","resourceUri":"https://console.cloud.google.com/cloud-build/builds;region=us-central1/614733b8-9867-4e20-89fe-2a20cc7febd9?project=427680799387"},{"name":"SERVICE","state":"NOT_STARTED"}],"operationType":"UPDATE_FUNCTION","buildName":"projects/427680799387/locations/us-central1/builds/614733b8-9867-4e20-89fe-2a20cc7febd9"},"done":false}
[debug] [2025-04-07T14:45:54.458Z] [update-default-us-central1-createDailyChallengeExperte] Retrying task index 0
[debug] [2025-04-07T14:45:54.459Z] Checked if tokens are valid: true, expires at: 1744038662145
[debug] [2025-04-07T14:45:54.459Z] Checked if tokens are valid: true, expires at: 1744038662145
[debug] [2025-04-07T14:45:54.459Z] >>> [apiv2][query] GET https://cloudfunctions.googleapis.com/v2/projects/mathquiz-51f92/locations/us-central1/operations/operation-1744037152394-632314af18b68-8cf2d89f-c0c5a1c9 [none]
[debug] [2025-04-07T14:45:55.189Z] <<< [apiv2][status] GET https://cloudfunctions.googleapis.com/v2/projects/mathquiz-51f92/locations/us-central1/operations/operation-1744037152394-632314af18b68-8cf2d89f-c0c5a1c9 200
[debug] [2025-04-07T14:45:55.190Z] <<< [apiv2][body] GET https://cloudfunctions.googleapis.com/v2/projects/mathquiz-51f92/locations/us-central1/operations/operation-1744037152394-632314af18b68-8cf2d89f-c0c5a1c9 {"name":"projects/mathquiz-51f92/locations/us-central1/operations/operation-1744037152394-632314af18b68-8cf2d89f-c0c5a1c9","metadata":{"@type":"type.googleapis.com/google.cloud.functions.v2.OperationMetadata","createTime":"2025-04-07T14:45:53.098856899Z","target":"projects/mathquiz-51f92/locations/us-central1/functions/createDailyChallengeExperte","verb":"update","cancelRequested":false,"apiVersion":"v2","requestResource":{"@type":"type.googleapis.com/google.cloud.functions.v2.Function","name":"projects/mathquiz-51f92/locations/us-central1/functions/createDailyChallengeExperte","buildConfig":{"runtime":"nodejs22","entryPoint":"createDailyChallengeExperte","source":{"storageSource":{"bucket":"gcf-v2-sources-427680799387-us-central1","object":"createDailyChallengeExperte/function-source.zip","generation":"1744037153053897"}},"environmentVariables":{"GOOGLE_NODE_RUN_SCRIPTS":""},"dockerRepository":"projects/mathquiz-51f92/locations/us-central1/repositories/gcf-artifacts","sourceProvenance":{"resolvedStorageSource":{"bucket":"gcf-v2-sources-427680799387-us-central1","object":"createDailyChallengeExperte/function-source.zip","generation":"1744036323477966"}},"dockerRegistry":"ARTIFACT_REGISTRY","serviceAccount":"projects/mathquiz-51f92/serviceAccounts/427680799387-compute@developer.gserviceaccount.com","automaticUpdatePolicy":{}},"serviceConfig":{"service":"projects/mathquiz-51f92/locations/us-central1/services/createdailychallengeexperte","timeoutSeconds":60,"environmentVariables":{"FIREBASE_CONFIG":"{\"projectId\":\"mathquiz-51f92\",\"storageBucket\":\"mathquiz-51f92.firebasestorage.app\"}","GCLOUD_PROJECT":"mathquiz-51f92","EVENTARC_CLOUD_EVENT_SOURCE":"projects/mathquiz-51f92/locations/us-central1/services/createDailyChallengeExperte","FUNCTION_TARGET":"createDailyChallengeExperte","LOG_EXECUTION_ID":"true","FUNCTION_SIGNATURE_TYPE":"http"},"ingressSettings":"ALLOW_ALL","uri":"https://createdailychallengeexperte-ziyyyspjxa-uc.a.run.app","serviceAccountEmail":"427680799387-compute@developer.gserviceaccount.com","availableMemory":"256Mi","allTrafficOnLatestRevision":true,"revision":"createdailychallengeexperte-00011-lux","maxInstanceRequestConcurrency":80,"availableCpu":"1"},"state":"ACTIVE","labels":{"deployment-tool":"cli-firebase","deployment-scheduled":"true","firebase-functions-hash":"124f1dd73c0a7026713c918d264c66e27b9f6ee2"},"environment":"GEN_2","url":"https://us-central1-mathquiz-51f92.cloudfunctions.net/createDailyChallengeExperte","satisfiesPzi":true},"stages":[{"name":"BUILD","message":"Build in progress","state":"IN_PROGRESS","resource":"projects/427680799387/locations/us-central1/builds/614733b8-9867-4e20-89fe-2a20cc7febd9","resourceUri":"https://console.cloud.google.com/cloud-build/builds;region=us-central1/614733b8-9867-4e20-89fe-2a20cc7febd9?project=427680799387"},{"name":"SERVICE","state":"NOT_STARTED"}],"operationType":"UPDATE_FUNCTION","buildName":"projects/427680799387/locations/us-central1/builds/614733b8-9867-4e20-89fe-2a20cc7febd9"},"done":false}
[debug] [2025-04-07T14:45:56.191Z] [update-default-us-central1-createDailyChallengeExperte] Retrying task index 0
[debug] [2025-04-07T14:45:56.192Z] Checked if tokens are valid: true, expires at: 1744038662145
[debug] [2025-04-07T14:45:56.192Z] Checked if tokens are valid: true, expires at: 1744038662145
[debug] [2025-04-07T14:45:56.192Z] >>> [apiv2][query] GET https://cloudfunctions.googleapis.com/v2/projects/mathquiz-51f92/locations/us-central1/operations/operation-1744037152394-632314af18b68-8cf2d89f-c0c5a1c9 [none]
[debug] [2025-04-07T14:45:56.896Z] <<< [apiv2][status] GET https://cloudfunctions.googleapis.com/v2/projects/mathquiz-51f92/locations/us-central1/operations/operation-1744037152394-632314af18b68-8cf2d89f-c0c5a1c9 200
[debug] [2025-04-07T14:45:56.897Z] <<< [apiv2][body] GET https://cloudfunctions.googleapis.com/v2/projects/mathquiz-51f92/locations/us-central1/operations/operation-1744037152394-632314af18b68-8cf2d89f-c0c5a1c9 {"name":"projects/mathquiz-51f92/locations/us-central1/operations/operation-1744037152394-632314af18b68-8cf2d89f-c0c5a1c9","metadata":{"@type":"type.googleapis.com/google.cloud.functions.v2.OperationMetadata","createTime":"2025-04-07T14:45:53.098856899Z","target":"projects/mathquiz-51f92/locations/us-central1/functions/createDailyChallengeExperte","verb":"update","cancelRequested":false,"apiVersion":"v2","requestResource":{"@type":"type.googleapis.com/google.cloud.functions.v2.Function","name":"projects/mathquiz-51f92/locations/us-central1/functions/createDailyChallengeExperte","buildConfig":{"runtime":"nodejs22","entryPoint":"createDailyChallengeExperte","source":{"storageSource":{"bucket":"gcf-v2-sources-427680799387-us-central1","object":"createDailyChallengeExperte/function-source.zip","generation":"1744037153053897"}},"environmentVariables":{"GOOGLE_NODE_RUN_SCRIPTS":""},"dockerRepository":"projects/mathquiz-51f92/locations/us-central1/repositories/gcf-artifacts","sourceProvenance":{"resolvedStorageSource":{"bucket":"gcf-v2-sources-427680799387-us-central1","object":"createDailyChallengeExperte/function-source.zip","generation":"1744036323477966"}},"dockerRegistry":"ARTIFACT_REGISTRY","serviceAccount":"projects/mathquiz-51f92/serviceAccounts/427680799387-compute@developer.gserviceaccount.com","automaticUpdatePolicy":{}},"serviceConfig":{"service":"projects/mathquiz-51f92/locations/us-central1/services/createdailychallengeexperte","timeoutSeconds":60,"environmentVariables":{"FIREBASE_CONFIG":"{\"projectId\":\"mathquiz-51f92\",\"storageBucket\":\"mathquiz-51f92.firebasestorage.app\"}","GCLOUD_PROJECT":"mathquiz-51f92","EVENTARC_CLOUD_EVENT_SOURCE":"projects/mathquiz-51f92/locations/us-central1/services/createDailyChallengeExperte","FUNCTION_TARGET":"createDailyChallengeExperte","LOG_EXECUTION_ID":"true","FUNCTION_SIGNATURE_TYPE":"http"},"ingressSettings":"ALLOW_ALL","uri":"https://createdailychallengeexperte-ziyyyspjxa-uc.a.run.app","serviceAccountEmail":"427680799387-compute@developer.gserviceaccount.com","availableMemory":"256Mi","allTrafficOnLatestRevision":true,"revision":"createdailychallengeexperte-00011-lux","maxInstanceRequestConcurrency":80,"availableCpu":"1"},"state":"ACTIVE","labels":{"deployment-tool":"cli-firebase","deployment-scheduled":"true","firebase-functions-hash":"124f1dd73c0a7026713c918d264c66e27b9f6ee2"},"environment":"GEN_2","url":"https://us-central1-mathquiz-51f92.cloudfunctions.net/createDailyChallengeExperte","satisfiesPzi":true},"stages":[{"name":"BUILD","message":"Build in progress","state":"IN_PROGRESS","resource":"projects/427680799387/locations/us-central1/builds/614733b8-9867-4e20-89fe-2a20cc7febd9","resourceUri":"https://console.cloud.google.com/cloud-build/builds;region=us-central1/614733b8-9867-4e20-89fe-2a20cc7febd9?project=427680799387"},{"name":"SERVICE","state":"NOT_STARTED"}],"operationType":"UPDATE_FUNCTION","buildName":"projects/427680799387/locations/us-central1/builds/614733b8-9867-4e20-89fe-2a20cc7febd9"},"done":false}
[debug] [2025-04-07T14:45:58.897Z] [update-default-us-central1-createDailyChallengeExperte] Retrying task index 0
[debug] [2025-04-07T14:45:58.898Z] Checked if tokens are valid: true, expires at: 1744038662145
[debug] [2025-04-07T14:45:58.898Z] Checked if tokens are valid: true, expires at: 1744038662145
[debug] [2025-04-07T14:45:58.898Z] >>> [apiv2][query] GET https://cloudfunctions.googleapis.com/v2/projects/mathquiz-51f92/locations/us-central1/operations/operation-1744037152394-632314af18b68-8cf2d89f-c0c5a1c9 [none]
[debug] [2025-04-07T14:45:59.696Z] <<< [apiv2][status] GET https://cloudfunctions.googleapis.com/v2/projects/mathquiz-51f92/locations/us-central1/operations/operation-1744037152394-632314af18b68-8cf2d89f-c0c5a1c9 200
[debug] [2025-04-07T14:45:59.696Z] <<< [apiv2][body] GET https://cloudfunctions.googleapis.com/v2/projects/mathquiz-51f92/locations/us-central1/operations/operation-1744037152394-632314af18b68-8cf2d89f-c0c5a1c9 {"name":"projects/mathquiz-51f92/locations/us-central1/operations/operation-1744037152394-632314af18b68-8cf2d89f-c0c5a1c9","metadata":{"@type":"type.googleapis.com/google.cloud.functions.v2.OperationMetadata","createTime":"2025-04-07T14:45:53.098856899Z","target":"projects/mathquiz-51f92/locations/us-central1/functions/createDailyChallengeExperte","verb":"update","cancelRequested":false,"apiVersion":"v2","requestResource":{"@type":"type.googleapis.com/google.cloud.functions.v2.Function","name":"projects/mathquiz-51f92/locations/us-central1/functions/createDailyChallengeExperte","buildConfig":{"runtime":"nodejs22","entryPoint":"createDailyChallengeExperte","source":{"storageSource":{"bucket":"gcf-v2-sources-427680799387-us-central1","object":"createDailyChallengeExperte/function-source.zip","generation":"1744037153053897"}},"environmentVariables":{"GOOGLE_NODE_RUN_SCRIPTS":""},"dockerRepository":"projects/mathquiz-51f92/locations/us-central1/repositories/gcf-artifacts","sourceProvenance":{"resolvedStorageSource":{"bucket":"gcf-v2-sources-427680799387-us-central1","object":"createDailyChallengeExperte/function-source.zip","generation":"1744036323477966"}},"dockerRegistry":"ARTIFACT_REGISTRY","serviceAccount":"projects/mathquiz-51f92/serviceAccounts/427680799387-compute@developer.gserviceaccount.com","automaticUpdatePolicy":{}},"serviceConfig":{"service":"projects/mathquiz-51f92/locations/us-central1/services/createdailychallengeexperte","timeoutSeconds":60,"environmentVariables":{"FIREBASE_CONFIG":"{\"projectId\":\"mathquiz-51f92\",\"storageBucket\":\"mathquiz-51f92.firebasestorage.app\"}","GCLOUD_PROJECT":"mathquiz-51f92","EVENTARC_CLOUD_EVENT_SOURCE":"projects/mathquiz-51f92/locations/us-central1/services/createDailyChallengeExperte","FUNCTION_TARGET":"createDailyChallengeExperte","LOG_EXECUTION_ID":"true","FUNCTION_SIGNATURE_TYPE":"http"},"ingressSettings":"ALLOW_ALL","uri":"https://createdailychallengeexperte-ziyyyspjxa-uc.a.run.app","serviceAccountEmail":"427680799387-compute@developer.gserviceaccount.com","availableMemory":"256Mi","allTrafficOnLatestRevision":true,"revision":"createdailychallengeexperte-00011-lux","maxInstanceRequestConcurrency":80,"availableCpu":"1"},"state":"ACTIVE","labels":{"deployment-tool":"cli-firebase","deployment-scheduled":"true","firebase-functions-hash":"124f1dd73c0a7026713c918d264c66e27b9f6ee2"},"environment":"GEN_2","url":"https://us-central1-mathquiz-51f92.cloudfunctions.net/createDailyChallengeExperte","satisfiesPzi":true},"stages":[{"name":"BUILD","message":"Build in progress","state":"IN_PROGRESS","resource":"projects/427680799387/locations/us-central1/builds/614733b8-9867-4e20-89fe-2a20cc7febd9","resourceUri":"https://console.cloud.google.com/cloud-build/builds;region=us-central1/614733b8-9867-4e20-89fe-2a20cc7febd9?project=427680799387"},{"name":"SERVICE","state":"NOT_STARTED"}],"operationType":"UPDATE_FUNCTION","buildName":"projects/427680799387/locations/us-central1/builds/614733b8-9867-4e20-89fe-2a20cc7febd9"},"done":false}
[debug] [2025-04-07T14:46:03.697Z] [update-default-us-central1-createDailyChallengeExperte] Retrying task index 0
[debug] [2025-04-07T14:46:03.698Z] Checked if tokens are valid: true, expires at: 1744038662145
[debug] [2025-04-07T14:46:03.698Z] Checked if tokens are valid: true, expires at: 1744038662145
[debug] [2025-04-07T14:46:03.698Z] >>> [apiv2][query] GET https://cloudfunctions.googleapis.com/v2/projects/mathquiz-51f92/locations/us-central1/operations/operation-1744037152394-632314af18b68-8cf2d89f-c0c5a1c9 [none]
[debug] [2025-04-07T14:46:03.894Z] <<< [apiv2][status] GET https://cloudfunctions.googleapis.com/v2/projects/mathquiz-51f92/locations/us-central1/operations/operation-1744037152394-632314af18b68-8cf2d89f-c0c5a1c9 200
[debug] [2025-04-07T14:46:03.894Z] <<< [apiv2][body] GET https://cloudfunctions.googleapis.com/v2/projects/mathquiz-51f92/locations/us-central1/operations/operation-1744037152394-632314af18b68-8cf2d89f-c0c5a1c9 {"name":"projects/mathquiz-51f92/locations/us-central1/operations/operation-1744037152394-632314af18b68-8cf2d89f-c0c5a1c9","metadata":{"@type":"type.googleapis.com/google.cloud.functions.v2.OperationMetadata","createTime":"2025-04-07T14:45:53.098856899Z","target":"projects/mathquiz-51f92/locations/us-central1/functions/createDailyChallengeExperte","verb":"update","cancelRequested":false,"apiVersion":"v2","requestResource":{"@type":"type.googleapis.com/google.cloud.functions.v2.Function","name":"projects/mathquiz-51f92/locations/us-central1/functions/createDailyChallengeExperte","buildConfig":{"runtime":"nodejs22","entryPoint":"createDailyChallengeExperte","source":{"storageSource":{"bucket":"gcf-v2-sources-427680799387-us-central1","object":"createDailyChallengeExperte/function-source.zip","generation":"1744037153053897"}},"environmentVariables":{"GOOGLE_NODE_RUN_SCRIPTS":""},"dockerRepository":"projects/mathquiz-51f92/locations/us-central1/repositories/gcf-artifacts","sourceProvenance":{"resolvedStorageSource":{"bucket":"gcf-v2-sources-427680799387-us-central1","object":"createDailyChallengeExperte/function-source.zip","generation":"1744036323477966"}},"dockerRegistry":"ARTIFACT_REGISTRY","serviceAccount":"projects/mathquiz-51f92/serviceAccounts/427680799387-compute@developer.gserviceaccount.com","automaticUpdatePolicy":{}},"serviceConfig":{"service":"projects/mathquiz-51f92/locations/us-central1/services/createdailychallengeexperte","timeoutSeconds":60,"environmentVariables":{"FIREBASE_CONFIG":"{\"projectId\":\"mathquiz-51f92\",\"storageBucket\":\"mathquiz-51f92.firebasestorage.app\"}","GCLOUD_PROJECT":"mathquiz-51f92","EVENTARC_CLOUD_EVENT_SOURCE":"projects/mathquiz-51f92/locations/us-central1/services/createDailyChallengeExperte","FUNCTION_TARGET":"createDailyChallengeExperte","LOG_EXECUTION_ID":"true","FUNCTION_SIGNATURE_TYPE":"http"},"ingressSettings":"ALLOW_ALL","uri":"https://createdailychallengeexperte-ziyyyspjxa-uc.a.run.app","serviceAccountEmail":"427680799387-compute@developer.gserviceaccount.com","availableMemory":"256Mi","allTrafficOnLatestRevision":true,"revision":"createdailychallengeexperte-00011-lux","maxInstanceRequestConcurrency":80,"availableCpu":"1"},"state":"ACTIVE","labels":{"deployment-tool":"cli-firebase","deployment-scheduled":"true","firebase-functions-hash":"124f1dd73c0a7026713c918d264c66e27b9f6ee2"},"environment":"GEN_2","url":"https://us-central1-mathquiz-51f92.cloudfunctions.net/createDailyChallengeExperte","satisfiesPzi":true},"stages":[{"name":"BUILD","message":"Build in progress","state":"IN_PROGRESS","resource":"projects/427680799387/locations/us-central1/builds/614733b8-9867-4e20-89fe-2a20cc7febd9","resourceUri":"https://console.cloud.google.com/cloud-build/builds;region=us-central1/614733b8-9867-4e20-89fe-2a20cc7febd9?project=427680799387"},{"name":"SERVICE","state":"NOT_STARTED"}],"operationType":"UPDATE_FUNCTION","buildName":"projects/427680799387/locations/us-central1/builds/614733b8-9867-4e20-89fe-2a20cc7febd9"},"done":false}
[debug] [2025-04-07T14:46:11.896Z] [update-default-us-central1-createDailyChallengeExperte] Retrying task index 0
[debug] [2025-04-07T14:46:11.896Z] Checked if tokens are valid: true, expires at: 1744038662145
[debug] [2025-04-07T14:46:11.896Z] Checked if tokens are valid: true, expires at: 1744038662145
[debug] [2025-04-07T14:46:11.897Z] >>> [apiv2][query] GET https://cloudfunctions.googleapis.com/v2/projects/mathquiz-51f92/locations/us-central1/operations/operation-1744037152394-632314af18b68-8cf2d89f-c0c5a1c9 [none]
[debug] [2025-04-07T14:46:12.658Z] <<< [apiv2][status] GET https://cloudfunctions.googleapis.com/v2/projects/mathquiz-51f92/locations/us-central1/operations/operation-1744037152394-632314af18b68-8cf2d89f-c0c5a1c9 200
[debug] [2025-04-07T14:46:12.658Z] <<< [apiv2][body] GET https://cloudfunctions.googleapis.com/v2/projects/mathquiz-51f92/locations/us-central1/operations/operation-1744037152394-632314af18b68-8cf2d89f-c0c5a1c9 {"name":"projects/mathquiz-51f92/locations/us-central1/operations/operation-1744037152394-632314af18b68-8cf2d89f-c0c5a1c9","metadata":{"@type":"type.googleapis.com/google.cloud.functions.v2.OperationMetadata","createTime":"2025-04-07T14:45:53.098856899Z","target":"projects/mathquiz-51f92/locations/us-central1/functions/createDailyChallengeExperte","verb":"update","cancelRequested":false,"apiVersion":"v2","requestResource":{"@type":"type.googleapis.com/google.cloud.functions.v2.Function","name":"projects/mathquiz-51f92/locations/us-central1/functions/createDailyChallengeExperte","buildConfig":{"runtime":"nodejs22","entryPoint":"createDailyChallengeExperte","source":{"storageSource":{"bucket":"gcf-v2-sources-427680799387-us-central1","object":"createDailyChallengeExperte/function-source.zip","generation":"1744037153053897"}},"environmentVariables":{"GOOGLE_NODE_RUN_SCRIPTS":""},"dockerRepository":"projects/mathquiz-51f92/locations/us-central1/repositories/gcf-artifacts","sourceProvenance":{"resolvedStorageSource":{"bucket":"gcf-v2-sources-427680799387-us-central1","object":"createDailyChallengeExperte/function-source.zip","generation":"1744036323477966"}},"dockerRegistry":"ARTIFACT_REGISTRY","serviceAccount":"projects/mathquiz-51f92/serviceAccounts/427680799387-compute@developer.gserviceaccount.com","automaticUpdatePolicy":{}},"serviceConfig":{"service":"projects/mathquiz-51f92/locations/us-central1/services/createdailychallengeexperte","timeoutSeconds":60,"environmentVariables":{"FIREBASE_CONFIG":"{\"projectId\":\"mathquiz-51f92\",\"storageBucket\":\"mathquiz-51f92.firebasestorage.app\"}","GCLOUD_PROJECT":"mathquiz-51f92","EVENTARC_CLOUD_EVENT_SOURCE":"projects/mathquiz-51f92/locations/us-central1/services/createDailyChallengeExperte","FUNCTION_TARGET":"createDailyChallengeExperte","LOG_EXECUTION_ID":"true","FUNCTION_SIGNATURE_TYPE":"http"},"ingressSettings":"ALLOW_ALL","uri":"https://createdailychallengeexperte-ziyyyspjxa-uc.a.run.app","serviceAccountEmail":"427680799387-compute@developer.gserviceaccount.com","availableMemory":"256Mi","allTrafficOnLatestRevision":true,"revision":"createdailychallengeexperte-00011-lux","maxInstanceRequestConcurrency":80,"availableCpu":"1"},"state":"ACTIVE","labels":{"deployment-tool":"cli-firebase","deployment-scheduled":"true","firebase-functions-hash":"124f1dd73c0a7026713c918d264c66e27b9f6ee2"},"environment":"GEN_2","url":"https://us-central1-mathquiz-51f92.cloudfunctions.net/createDailyChallengeExperte","satisfiesPzi":true},"stages":[{"name":"BUILD","message":"Build in progress","state":"IN_PROGRESS","resource":"projects/427680799387/locations/us-central1/builds/614733b8-9867-4e20-89fe-2a20cc7febd9","resourceUri":"https://console.cloud.google.com/cloud-build/builds;region=us-central1/614733b8-9867-4e20-89fe-2a20cc7febd9?project=427680799387"},{"name":"SERVICE","state":"NOT_STARTED"}],"operationType":"UPDATE_FUNCTION","buildName":"projects/427680799387/locations/us-central1/builds/614733b8-9867-4e20-89fe-2a20cc7febd9"},"done":false}
[debug] [2025-04-07T14:46:22.659Z] [update-default-us-central1-createDailyChallengeExperte] Retrying task index 0
[debug] [2025-04-07T14:46:22.660Z] Checked if tokens are valid: true, expires at: 1744038662145
[debug] [2025-04-07T14:46:22.660Z] Checked if tokens are valid: true, expires at: 1744038662145
[debug] [2025-04-07T14:46:22.660Z] >>> [apiv2][query] GET https://cloudfunctions.googleapis.com/v2/projects/mathquiz-51f92/locations/us-central1/operations/operation-1744037152394-632314af18b68-8cf2d89f-c0c5a1c9 [none]
[debug] [2025-04-07T14:46:23.450Z] <<< [apiv2][status] GET https://cloudfunctions.googleapis.com/v2/projects/mathquiz-51f92/locations/us-central1/operations/operation-1744037152394-632314af18b68-8cf2d89f-c0c5a1c9 200
[debug] [2025-04-07T14:46:23.450Z] <<< [apiv2][body] GET https://cloudfunctions.googleapis.com/v2/projects/mathquiz-51f92/locations/us-central1/operations/operation-1744037152394-632314af18b68-8cf2d89f-c0c5a1c9 {"name":"projects/mathquiz-51f92/locations/us-central1/operations/operation-1744037152394-632314af18b68-8cf2d89f-c0c5a1c9","metadata":{"@type":"type.googleapis.com/google.cloud.functions.v2.OperationMetadata","createTime":"2025-04-07T14:45:53.098856899Z","target":"projects/mathquiz-51f92/locations/us-central1/functions/createDailyChallengeExperte","verb":"update","cancelRequested":false,"apiVersion":"v2","requestResource":{"@type":"type.googleapis.com/google.cloud.functions.v2.Function","name":"projects/mathquiz-51f92/locations/us-central1/functions/createDailyChallengeExperte","buildConfig":{"runtime":"nodejs22","entryPoint":"createDailyChallengeExperte","source":{"storageSource":{"bucket":"gcf-v2-sources-427680799387-us-central1","object":"createDailyChallengeExperte/function-source.zip","generation":"1744037153053897"}},"environmentVariables":{"GOOGLE_NODE_RUN_SCRIPTS":""},"dockerRepository":"projects/mathquiz-51f92/locations/us-central1/repositories/gcf-artifacts","sourceProvenance":{"resolvedStorageSource":{"bucket":"gcf-v2-sources-427680799387-us-central1","object":"createDailyChallengeExperte/function-source.zip","generation":"1744036323477966"}},"dockerRegistry":"ARTIFACT_REGISTRY","serviceAccount":"projects/mathquiz-51f92/serviceAccounts/427680799387-compute@developer.gserviceaccount.com","automaticUpdatePolicy":{}},"serviceConfig":{"service":"projects/mathquiz-51f92/locations/us-central1/services/createdailychallengeexperte","timeoutSeconds":60,"environmentVariables":{"FIREBASE_CONFIG":"{\"projectId\":\"mathquiz-51f92\",\"storageBucket\":\"mathquiz-51f92.firebasestorage.app\"}","GCLOUD_PROJECT":"mathquiz-51f92","EVENTARC_CLOUD_EVENT_SOURCE":"projects/mathquiz-51f92/locations/us-central1/services/createDailyChallengeExperte","FUNCTION_TARGET":"createDailyChallengeExperte","LOG_EXECUTION_ID":"true","FUNCTION_SIGNATURE_TYPE":"http"},"ingressSettings":"ALLOW_ALL","uri":"https://createdailychallengeexperte-ziyyyspjxa-uc.a.run.app","serviceAccountEmail":"427680799387-compute@developer.gserviceaccount.com","availableMemory":"256Mi","allTrafficOnLatestRevision":true,"revision":"createdailychallengeexperte-00011-lux","maxInstanceRequestConcurrency":80,"availableCpu":"1"},"state":"ACTIVE","labels":{"deployment-tool":"cli-firebase","deployment-scheduled":"true","firebase-functions-hash":"124f1dd73c0a7026713c918d264c66e27b9f6ee2"},"environment":"GEN_2","url":"https://us-central1-mathquiz-51f92.cloudfunctions.net/createDailyChallengeExperte","satisfiesPzi":true},"stages":[{"name":"BUILD","message":"Build in progress","state":"IN_PROGRESS","resource":"projects/427680799387/locations/us-central1/builds/614733b8-9867-4e20-89fe-2a20cc7febd9","resourceUri":"https://console.cloud.google.com/cloud-build/builds;region=us-central1/614733b8-9867-4e20-89fe-2a20cc7febd9?project=427680799387"},{"name":"SERVICE","state":"NOT_STARTED"}],"operationType":"UPDATE_FUNCTION","buildName":"projects/427680799387/locations/us-central1/builds/614733b8-9867-4e20-89fe-2a20cc7febd9"},"done":false}
